<?xml version="1.0" encoding="UTF-8"?>
<!-- Generated by org.testng.reporters.JUnitReportReporter -->
<testsuite skipped="0" hostname="DESKTOP-4CV1PKL" name="MobileAppium.AppiumMaven.DeletedSearch" tests="1" failures="0" timestamp="2019-11-21T15:41:12 IST" time="58.876" errors="0">
  <testcase name="testUntitled" time="58.876" classname="MobileAppium.AppiumMaven.DeletedSearch"/>
</testsuite> <!-- MobileAppium.AppiumMaven.DeletedSearch -->
