<?xml version="1.0" encoding="UTF-8"?>
<!-- Generated by org.testng.reporters.JUnitReportReporter -->
<testsuite skipped="0" hostname="DESKTOP-4CV1PKL" name="MobileAppium.AppiumMaven.AccountInfo" tests="1" failures="0" timestamp="2019-11-25T17:42:17 IST" time="43.672" errors="0">
  <testcase name="testUntitled" time="43.672" classname="MobileAppium.AppiumMaven.AccountInfo"/>
</testsuite> <!-- MobileAppium.AppiumMaven.AccountInfo -->
